<?xml version="1.0" encoding="UTF-8"?>
<testng-results skipped="0" failed="0" total="2" passed="2">
  <reporter-output>
  </reporter-output>
  <suite name="Default suite" duration-ms="15314" started-at="2015-04-04T04:20:45Z" finished-at="2015-04-04T04:21:00Z">
    <groups>
    </groups>
    <test name="Default test" duration-ms="15314" started-at="2015-04-04T04:20:45Z" finished-at="2015-04-04T04:21:00Z">
      <class name="day32.GamilLogin_DataProvider">
        <test-method status="PASS" signature="loginTest(java.lang.String, java.lang.String, java.lang.String)[pri:0, instance:day32.GamilLogin_DataProvider@76724357]" name="loginTest" duration-ms="9546" started-at="2015-04-03T21:20:45Z" data-provider="myData" finished-at="2015-04-03T21:20:55Z">
          <params>
            <param index="0">
              <value>
                <![CDATA[saikrishna123]]>
              </value>
            </param>
            <param index="1">
              <value>
                <![CDATA[krishna123]]>
              </value>
            </param>
            <param index="2">
              <value>
                <![CDATA[chrome]]>
              </value>
            </param>
          </params>
          <reporter-output>
          </reporter-output>
        </test-method> <!-- loginTest -->
        <test-method status="PASS" signature="loginTest(java.lang.String, java.lang.String, java.lang.String)[pri:0, instance:day32.GamilLogin_DataProvider@76724357]" name="loginTest" duration-ms="15263" started-at="2015-04-03T21:20:45Z" data-provider="myData" finished-at="2015-04-03T21:21:00Z">
          <params>
            <param index="0">
              <value>
                <![CDATA[saikrishna123]]>
              </value>
            </param>
            <param index="1">
              <value>
                <![CDATA[krishna123]]>
              </value>
            </param>
            <param index="2">
              <value>
                <![CDATA[firefox]]>
              </value>
            </param>
          </params>
          <reporter-output>
          </reporter-output>
        </test-method> <!-- loginTest -->
      </class> <!-- day32.GamilLogin_DataProvider -->
    </test> <!-- Default test -->
  </suite> <!-- Default suite -->
</testng-results>
