<?xml version="1.0" encoding="UTF-8"?>
<testng-results skipped="0" failed="0" total="1" passed="1">
  <reporter-output>
  </reporter-output>
  <suite name="Default suite" duration-ms="61429" started-at="2015-04-21T04:17:13Z" finished-at="2015-04-21T04:18:14Z">
    <groups>
    </groups>
    <test name="Default test" duration-ms="61429" started-at="2015-04-21T04:17:13Z" finished-at="2015-04-21T04:18:14Z">
      <class name="day33.pom.PomControl1">
        <test-method status="PASS" signature="pomControlTest()[pri:0, instance:day33.pom.PomControl1@4351aa16]" name="pomControlTest" duration-ms="61405" started-at="2015-04-20T21:17:13Z" finished-at="2015-04-20T21:18:14Z">
          <reporter-output>
          </reporter-output>
        </test-method> <!-- pomControlTest -->
      </class> <!-- day33.pom.PomControl1 -->
    </test> <!-- Default test -->
  </suite> <!-- Default suite -->
</testng-results>
